PLINK v1.90b7 64-bit (16 Jan 2023)
Options in effect:
  --23file SNP_raw_v4_Full_20170514175358.txt
  --out snps_clean
  --output-chr M
  --recode vcf
  --snps-only just-acgt

Hostname: MSI
Working directory: /mnt/d/BI/Projects/Prj5_Human/Perfect_human_Project_BI_2023
Start time: Tue Feb  7 12:00:25 2023

Random number seed: 1675760425
7796 MB RAM detected; reserving 3898 MB for main workspace.
--23file: snps_clean-temporary.bed + snps_clean-temporary.bim +
snps_clean-temporary.fam written.
15125 variants with indel calls present.  '--snps-only no-DI' or
--list-23-indels may be useful here.
Inferred sex: male.
595401 out of 610526 variants loaded from .bim file.
1 person (1 male, 0 females) loaded from .fam.
Using 1 thread (no multithreaded calculations invoked).
Before main variant filters, 1 founder and 0 nonfounders present.
Calculating allele frequencies... done.
Warning: 103 het. haploid genotypes present (see snps_clean.hh ); many commands
treat these as missing.
Total genotyping rate is 0.989246.
595401 variants and 1 person pass filters and QC.
Note: No phenotypes present.
--recode vcf to snps_clean.vcf ... done.

End time: Tue Feb  7 12:00:27 2023
